
Showing logs for build [32mcb-kubecd-environment-pr-23-12-jm6lx-1[0m stage [32mfrom-build-pack[0m and container [32mstep-credential-initializer-r8ntj[0m
{"level":"warn","ts":1568901511.6165252,"logger":"fallback-logger","caller":"logging/config.go:69","msg":"Fetch GitHub commit ID from kodata failed: \"ref: refs/heads/master\" is not a valid GitHub commit ID"}
{"level":"info","ts":1568901511.6173368,"logger":"fallback-logger","caller":"creds-init/main.go:40","msg":"Credentials initialized."}

Showing logs for build [32mcb-kubecd-environment-pr-23-12-jm6lx-1[0m stage [32mfrom-build-pack[0m and container [32mstep-working-dir-initializer-994cw[0m
{"level":"warn","ts":1568901512.5426376,"logger":"fallback-logger","caller":"logging/config.go:69","msg":"Fetch GitHub commit ID from kodata failed: open /var/run/ko/HEAD: no such file or directory"}
{"level":"info","ts":1568901512.6853209,"logger":"fallback-logger","caller":"bash/main.go:65","msg":"Successfully executed command \"mkdir -p /workspace/source /workspace/source/env\""}

Showing logs for build [32mcb-kubecd-environment-pr-23-12-jm6lx-1[0m stage [32mfrom-build-pack[0m and container [32mstep-place-tools[0m

Showing logs for build [32mcb-kubecd-environment-pr-23-12-jm6lx-1[0m stage [32mfrom-build-pack[0m and container [32mstep-git-source-cb-kubecd-environment-pr-23-12-j5pmp[0m
{"level":"warn","ts":1568901568.1981735,"logger":"fallback-logger","caller":"logging/config.go:69","msg":"Fetch GitHub commit ID from kodata failed: \"ref: refs/heads/master\" is not a valid GitHub commit ID"}
{"level":"info","ts":1568901570.1259484,"logger":"fallback-logger","caller":"git/git.go:102","msg":"Successfully cloned https://github.com/cb-kubecd/environment-pr-23-12-boot-local-production.git @ 7a6d580615fd35220d8e0c59cef0e42a8f3e0c83 in path /workspace/source"}

Showing logs for build [32mcb-kubecd-environment-pr-23-12-jm6lx-1[0m stage [32mfrom-build-pack[0m and container [32mstep-git-merge[0m
Using SHAs from PULL_REFS=master:7f9f94bdea953668ac65f680cbc53a19dfb394c3,1:7a6d580615fd35220d8e0c59cef0e42a8f3e0c83
DEBUG: ran git fetch --unshallow origin 7a6d580615fd35220d8e0c59cef0e42a8f3e0c83: 7f9f94bdea953668ac65f680cbc53a19dfb394c3: in 
DEBUG: ran git checkout master in 
DEBUG: ran git reset --hard 7f9f94bdea953668ac65f680cbc53a19dfb394c3 in 
DEBUG: ran clean --force -d . in 
DEBUG: ran git merge 7a6d580615fd35220d8e0c59cef0e42a8f3e0c83 in 
Merged SHA 7a6d580615fd35220d8e0c59cef0e42a8f3e0c83 with commit message 'chore: Promote bdd-spring-1568900704 to version 0.0.1' into base branch master

Showing logs for build [32mcb-kubecd-environment-pr-23-12-jm6lx-1[0m stage [32mfrom-build-pack[0m and container [32mstep-build-helm-build[0m
WARNING: No $CHART_REPOSITORY defined so using the default value of: http://jenkins-x-chartmuseum:8080
Adding missing Helm repo: storage.googleapis.com https://storage.googleapis.com/chartmuseum.jenkins-x.io
Read credentials for https://storage.googleapis.com/chartmuseum.jenkins-x.io from vault helm/repos
Successfully added Helm repository storage.googleapis.com.
Adding missing Helm repo: jenkins-x-chartmuseum http://jenkins-x-chartmuseum:8080
Read credentials for http://jenkins-x-chartmuseum:8080 from vault helm/repos
Successfully added Helm repository jenkins-x-chartmuseum.
WARNING: No $CHART_REPOSITORY defined so using the default value of: http://jenkins-x-chartmuseum:8080
Adding missing Helm repo: chartmuseum.jenkins-x.io http://chartmuseum.jenkins-x.io
Read credentials for http://chartmuseum.jenkins-x.io from vault helm/repos
Successfully added Helm repository chartmuseum.jenkins-x.io.
